[debug] [2025-10-01T20:51:51.380Z] ----------------------------------------------------------------------
[debug] [2025-10-01T20:51:51.382Z] Command:       C:\Program Files\nodejs\node.exe C:\Users\marco\AppData\Roaming\npm\node_modules\firebase-tools\lib\bin\firebase.js deploy --only functions
[debug] [2025-10-01T20:51:51.382Z] CLI Version:   13.35.1
[debug] [2025-10-01T20:51:51.382Z] Platform:      win32
[debug] [2025-10-01T20:51:51.382Z] Node Version:  v22.14.0
[debug] [2025-10-01T20:51:51.382Z] Time:          Wed Oct 01 2025 22:51:51 GMT+0200 (Ora legale dell’Europa centrale)
[debug] [2025-10-01T20:51:51.382Z] ----------------------------------------------------------------------
[debug] 
[debug] [2025-10-01T20:51:51.500Z] > command requires scopes: ["email","openid","https://www.googleapis.com/auth/cloudplatformprojects.readonly","https://www.googleapis.com/auth/firebase","https://www.googleapis.com/auth/cloud-platform"]
[debug] [2025-10-01T20:51:51.500Z] > authorizing via signed-in user (marcodellarosa90@gmail.com)
[debug] [2025-10-01T20:51:51.500Z] [iam] checking project sky-xfactor-2025 for permissions ["cloudfunctions.functions.create","cloudfunctions.functions.delete","cloudfunctions.functions.get","cloudfunctions.functions.list","cloudfunctions.functions.update","cloudfunctions.operations.get","firebase.projects.get"]
[debug] [2025-10-01T20:51:51.501Z] Checked if tokens are valid: true, expires at: 1759353843269
[debug] [2025-10-01T20:51:51.501Z] Checked if tokens are valid: true, expires at: 1759353843269
[debug] [2025-10-01T20:51:51.501Z] >>> [apiv2][query] POST https://cloudresourcemanager.googleapis.com/v1/projects/sky-xfactor-2025:testIamPermissions [none]
[debug] [2025-10-01T20:51:51.502Z] >>> [apiv2][(partial)header] POST https://cloudresourcemanager.googleapis.com/v1/projects/sky-xfactor-2025:testIamPermissions x-goog-quota-user=projects/sky-xfactor-2025
[debug] [2025-10-01T20:51:51.502Z] >>> [apiv2][body] POST https://cloudresourcemanager.googleapis.com/v1/projects/sky-xfactor-2025:testIamPermissions {"permissions":["cloudfunctions.functions.create","cloudfunctions.functions.delete","cloudfunctions.functions.get","cloudfunctions.functions.list","cloudfunctions.functions.update","cloudfunctions.operations.get","firebase.projects.get"]}
[debug] [2025-10-01T20:51:52.271Z] <<< [apiv2][status] POST https://cloudresourcemanager.googleapis.com/v1/projects/sky-xfactor-2025:testIamPermissions 200
[debug] [2025-10-01T20:51:52.271Z] <<< [apiv2][body] POST https://cloudresourcemanager.googleapis.com/v1/projects/sky-xfactor-2025:testIamPermissions {"permissions":["cloudfunctions.functions.create","cloudfunctions.functions.delete","cloudfunctions.functions.get","cloudfunctions.functions.list","cloudfunctions.functions.update","cloudfunctions.operations.get","firebase.projects.get"]}
[debug] [2025-10-01T20:51:52.271Z] Checked if tokens are valid: true, expires at: 1759353843269
[debug] [2025-10-01T20:51:52.271Z] Checked if tokens are valid: true, expires at: 1759353843269
[debug] [2025-10-01T20:51:52.272Z] >>> [apiv2][query] POST https://iam.googleapis.com/v1/projects/sky-xfactor-2025/serviceAccounts/sky-xfactor-2025@appspot.gserviceaccount.com:testIamPermissions [none]
[debug] [2025-10-01T20:51:52.272Z] >>> [apiv2][body] POST https://iam.googleapis.com/v1/projects/sky-xfactor-2025/serviceAccounts/sky-xfactor-2025@appspot.gserviceaccount.com:testIamPermissions {"permissions":["iam.serviceAccounts.actAs"]}
[debug] [2025-10-01T20:51:53.019Z] <<< [apiv2][status] POST https://iam.googleapis.com/v1/projects/sky-xfactor-2025/serviceAccounts/sky-xfactor-2025@appspot.gserviceaccount.com:testIamPermissions 200
[debug] [2025-10-01T20:51:53.019Z] <<< [apiv2][body] POST https://iam.googleapis.com/v1/projects/sky-xfactor-2025/serviceAccounts/sky-xfactor-2025@appspot.gserviceaccount.com:testIamPermissions {"permissions":["iam.serviceAccounts.actAs"]}
[info] 
[info] === Deploying to 'sky-xfactor-2025'...
[info] 
[info] i  deploying functions 
[info] Running command: npm --prefix "$RESOURCE_DIR" run build
[info] +  functions: Finished running predeploy script. 
[debug] [2025-10-01T20:51:57.542Z] Checked if tokens are valid: true, expires at: 1759353843269
[debug] [2025-10-01T20:51:57.543Z] Checked if tokens are valid: true, expires at: 1759353843269
[debug] [2025-10-01T20:51:57.543Z] >>> [apiv2][query] GET https://cloudresourcemanager.googleapis.com/v1/projects/sky-xfactor-2025 [none]
[debug] [2025-10-01T20:51:58.308Z] <<< [apiv2][status] GET https://cloudresourcemanager.googleapis.com/v1/projects/sky-xfactor-2025 200
[debug] [2025-10-01T20:51:58.308Z] <<< [apiv2][body] GET https://cloudresourcemanager.googleapis.com/v1/projects/sky-xfactor-2025 {"projectNumber":"759654510637","projectId":"sky-xfactor-2025","lifecycleState":"ACTIVE","name":"sky-xfactor-2025","labels":{"firebase":"enabled","firebase-core":"disabled"},"createTime":"2025-10-01T09:19:14.035253Z"}
[info] i  functions: preparing codebase default for deployment 
[info] i  functions: ensuring required API cloudfunctions.googleapis.com is enabled... 
[debug] [2025-10-01T20:51:58.309Z] Checked if tokens are valid: true, expires at: 1759353843269
[debug] [2025-10-01T20:51:58.309Z] Checked if tokens are valid: true, expires at: 1759353843269
[debug] [2025-10-01T20:51:58.309Z] Checked if tokens are valid: true, expires at: 1759353843269
[debug] [2025-10-01T20:51:58.309Z] Checked if tokens are valid: true, expires at: 1759353843269
[info] i  functions: ensuring required API cloudbuild.googleapis.com is enabled... 
[debug] [2025-10-01T20:51:58.310Z] Checked if tokens are valid: true, expires at: 1759353843269
[debug] [2025-10-01T20:51:58.310Z] Checked if tokens are valid: true, expires at: 1759353843269
[info] i  artifactregistry: ensuring required API artifactregistry.googleapis.com is enabled... 
[debug] [2025-10-01T20:51:58.310Z] Checked if tokens are valid: true, expires at: 1759353843269
[debug] [2025-10-01T20:51:58.310Z] Checked if tokens are valid: true, expires at: 1759353843269
[debug] [2025-10-01T20:51:58.310Z] >>> [apiv2][query] GET https://serviceusage.googleapis.com/v1/projects/sky-xfactor-2025/services/cloudfunctions.googleapis.com [none]
[debug] [2025-10-01T20:51:58.310Z] >>> [apiv2][(partial)header] GET https://serviceusage.googleapis.com/v1/projects/sky-xfactor-2025/services/cloudfunctions.googleapis.com x-goog-quota-user=projects/sky-xfactor-2025
[debug] [2025-10-01T20:51:58.311Z] >>> [apiv2][query] GET https://serviceusage.googleapis.com/v1/projects/sky-xfactor-2025/services/runtimeconfig.googleapis.com [none]
[debug] [2025-10-01T20:51:58.311Z] >>> [apiv2][(partial)header] GET https://serviceusage.googleapis.com/v1/projects/sky-xfactor-2025/services/runtimeconfig.googleapis.com x-goog-quota-user=projects/sky-xfactor-2025
[debug] [2025-10-01T20:51:58.312Z] >>> [apiv2][query] GET https://serviceusage.googleapis.com/v1/projects/sky-xfactor-2025/services/cloudbuild.googleapis.com [none]
[debug] [2025-10-01T20:51:58.312Z] >>> [apiv2][(partial)header] GET https://serviceusage.googleapis.com/v1/projects/sky-xfactor-2025/services/cloudbuild.googleapis.com x-goog-quota-user=projects/sky-xfactor-2025
[debug] [2025-10-01T20:51:58.314Z] >>> [apiv2][query] GET https://serviceusage.googleapis.com/v1/projects/sky-xfactor-2025/services/artifactregistry.googleapis.com [none]
[debug] [2025-10-01T20:51:58.314Z] >>> [apiv2][(partial)header] GET https://serviceusage.googleapis.com/v1/projects/sky-xfactor-2025/services/artifactregistry.googleapis.com x-goog-quota-user=projects/sky-xfactor-2025
[debug] [2025-10-01T20:51:59.257Z] <<< [apiv2][status] GET https://serviceusage.googleapis.com/v1/projects/sky-xfactor-2025/services/artifactregistry.googleapis.com 200
[debug] [2025-10-01T20:51:59.257Z] <<< [apiv2][body] GET https://serviceusage.googleapis.com/v1/projects/sky-xfactor-2025/services/artifactregistry.googleapis.com [omitted]
[info] +  artifactregistry: required API artifactregistry.googleapis.com is enabled 
[debug] [2025-10-01T20:51:59.258Z] <<< [apiv2][status] GET https://serviceusage.googleapis.com/v1/projects/sky-xfactor-2025/services/runtimeconfig.googleapis.com 200
[debug] [2025-10-01T20:51:59.258Z] <<< [apiv2][body] GET https://serviceusage.googleapis.com/v1/projects/sky-xfactor-2025/services/runtimeconfig.googleapis.com [omitted]
[debug] [2025-10-01T20:51:59.258Z] <<< [apiv2][status] GET https://serviceusage.googleapis.com/v1/projects/sky-xfactor-2025/services/cloudfunctions.googleapis.com 200
[debug] [2025-10-01T20:51:59.259Z] <<< [apiv2][body] GET https://serviceusage.googleapis.com/v1/projects/sky-xfactor-2025/services/cloudfunctions.googleapis.com [omitted]
[info] +  functions: required API cloudfunctions.googleapis.com is enabled 
[debug] [2025-10-01T20:51:59.259Z] <<< [apiv2][status] GET https://serviceusage.googleapis.com/v1/projects/sky-xfactor-2025/services/cloudbuild.googleapis.com 200
[debug] [2025-10-01T20:51:59.259Z] <<< [apiv2][body] GET https://serviceusage.googleapis.com/v1/projects/sky-xfactor-2025/services/cloudbuild.googleapis.com [omitted]
[info] +  functions: required API cloudbuild.googleapis.com is enabled 
[debug] [2025-10-01T20:51:59.259Z] Checked if tokens are valid: true, expires at: 1759353843269
[debug] [2025-10-01T20:51:59.260Z] Checked if tokens are valid: true, expires at: 1759353843269
[debug] [2025-10-01T20:51:59.260Z] >>> [apiv2][query] GET https://firebase.googleapis.com/v1beta1/projects/sky-xfactor-2025/adminSdkConfig [none]
[debug] [2025-10-01T20:51:59.750Z] <<< [apiv2][status] GET https://firebase.googleapis.com/v1beta1/projects/sky-xfactor-2025/adminSdkConfig 200
[debug] [2025-10-01T20:51:59.750Z] <<< [apiv2][body] GET https://firebase.googleapis.com/v1beta1/projects/sky-xfactor-2025/adminSdkConfig {"projectId":"sky-xfactor-2025","storageBucket":"sky-xfactor-2025.firebasestorage.app"}
[debug] [2025-10-01T20:51:59.751Z] Checked if tokens are valid: true, expires at: 1759353843269
[debug] [2025-10-01T20:51:59.751Z] Checked if tokens are valid: true, expires at: 1759353843269
[debug] [2025-10-01T20:51:59.751Z] >>> [apiv2][query] GET https://runtimeconfig.googleapis.com/v1beta1/projects/sky-xfactor-2025/configs [none]
[debug] [2025-10-01T20:52:00.024Z] <<< [apiv2][status] GET https://runtimeconfig.googleapis.com/v1beta1/projects/sky-xfactor-2025/configs 200
[debug] [2025-10-01T20:52:00.025Z] <<< [apiv2][body] GET https://runtimeconfig.googleapis.com/v1beta1/projects/sky-xfactor-2025/configs {"configs":[{"name":"projects/sky-xfactor-2025/configs/gmail"},{"name":"projects/sky-xfactor-2025/configs/sendgrid"}]}
[debug] [2025-10-01T20:52:00.025Z] Checked if tokens are valid: true, expires at: 1759353843269
[debug] [2025-10-01T20:52:00.025Z] Checked if tokens are valid: true, expires at: 1759353843269
[debug] [2025-10-01T20:52:00.025Z] Checked if tokens are valid: true, expires at: 1759353843269
[debug] [2025-10-01T20:52:00.025Z] Checked if tokens are valid: true, expires at: 1759353843269
[debug] [2025-10-01T20:52:00.025Z] >>> [apiv2][query] GET https://runtimeconfig.googleapis.com/v1beta1/projects/sky-xfactor-2025/configs/gmail/variables [none]
[debug] [2025-10-01T20:52:00.025Z] >>> [apiv2][query] GET https://runtimeconfig.googleapis.com/v1beta1/projects/sky-xfactor-2025/configs/sendgrid/variables [none]
[debug] [2025-10-01T20:52:00.220Z] <<< [apiv2][status] GET https://runtimeconfig.googleapis.com/v1beta1/projects/sky-xfactor-2025/configs/gmail/variables 200
[debug] [2025-10-01T20:52:00.220Z] <<< [apiv2][body] GET https://runtimeconfig.googleapis.com/v1beta1/projects/sky-xfactor-2025/configs/gmail/variables {"variables":[{"name":"projects/sky-xfactor-2025/configs/gmail/variables/user","updateTime":"2025-10-01T20:13:44.011870919Z"},{"name":"projects/sky-xfactor-2025/configs/gmail/variables/pass","updateTime":"2025-10-01T20:13:44.012114195Z"}]}
[debug] [2025-10-01T20:52:00.220Z] Checked if tokens are valid: true, expires at: 1759353843269
[debug] [2025-10-01T20:52:00.220Z] Checked if tokens are valid: true, expires at: 1759353843269
[debug] [2025-10-01T20:52:00.221Z] Checked if tokens are valid: true, expires at: 1759353843269
[debug] [2025-10-01T20:52:00.221Z] Checked if tokens are valid: true, expires at: 1759353843269
[debug] [2025-10-01T20:52:00.221Z] >>> [apiv2][query] GET https://runtimeconfig.googleapis.com/v1beta1/projects/sky-xfactor-2025/configs/gmail/variables/user [none]
[debug] [2025-10-01T20:52:00.221Z] >>> [apiv2][query] GET https://runtimeconfig.googleapis.com/v1beta1/projects/sky-xfactor-2025/configs/gmail/variables/pass [none]
[debug] [2025-10-01T20:52:00.369Z] <<< [apiv2][status] GET https://runtimeconfig.googleapis.com/v1beta1/projects/sky-xfactor-2025/configs/sendgrid/variables 200
[debug] [2025-10-01T20:52:00.369Z] <<< [apiv2][body] GET https://runtimeconfig.googleapis.com/v1beta1/projects/sky-xfactor-2025/configs/sendgrid/variables {"variables":[{"name":"projects/sky-xfactor-2025/configs/sendgrid/variables/key","updateTime":"2025-10-01T20:24:07.111317231Z"}]}
[debug] [2025-10-01T20:52:00.369Z] Checked if tokens are valid: true, expires at: 1759353843269
[debug] [2025-10-01T20:52:00.369Z] Checked if tokens are valid: true, expires at: 1759353843269
[debug] [2025-10-01T20:52:00.369Z] >>> [apiv2][query] GET https://runtimeconfig.googleapis.com/v1beta1/projects/sky-xfactor-2025/configs/sendgrid/variables/key [none]
[debug] [2025-10-01T20:52:00.426Z] <<< [apiv2][status] GET https://runtimeconfig.googleapis.com/v1beta1/projects/sky-xfactor-2025/configs/gmail/variables/user 200
[debug] [2025-10-01T20:52:00.426Z] <<< [apiv2][body] GET https://runtimeconfig.googleapis.com/v1beta1/projects/sky-xfactor-2025/configs/gmail/variables/user {"name":"projects/sky-xfactor-2025/configs/gmail/variables/user","updateTime":"2025-10-01T20:13:44.011870919Z","text":"skyxfactorcontest@gmail.com"}
[debug] [2025-10-01T20:52:00.955Z] <<< [apiv2][status] GET https://runtimeconfig.googleapis.com/v1beta1/projects/sky-xfactor-2025/configs/gmail/variables/pass 200
[debug] [2025-10-01T20:52:00.955Z] <<< [apiv2][body] GET https://runtimeconfig.googleapis.com/v1beta1/projects/sky-xfactor-2025/configs/gmail/variables/pass {"name":"projects/sky-xfactor-2025/configs/gmail/variables/pass","updateTime":"2025-10-01T20:13:44.012114195Z","text":"bilf wsgv vmyv ygzb"}
[debug] [2025-10-01T20:52:01.094Z] <<< [apiv2][status] GET https://runtimeconfig.googleapis.com/v1beta1/projects/sky-xfactor-2025/configs/sendgrid/variables/key 200
[debug] [2025-10-01T20:52:01.095Z] <<< [apiv2][body] GET https://runtimeconfig.googleapis.com/v1beta1/projects/sky-xfactor-2025/configs/sendgrid/variables/key {"name":"projects/sky-xfactor-2025/configs/sendgrid/variables/key","updateTime":"2025-10-01T20:24:07.111317231Z","text":"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"}
[debug] [2025-10-01T20:52:01.098Z] Validating nodejs source
[debug] [2025-10-01T20:52:01.659Z] > [functions] package.json contents: {
  "name": "functions",
  "scripts": {
    "lint": "eslint --ext .js,.ts .",
    "build": "tsc",
    "build:watch": "tsc --watch",
    "serve": "npm run build && firebase emulators:start --only functions",
    "shell": "npm run build && firebase functions:shell",
    "start": "npm run shell",
    "deploy": "firebase deploy --only functions",
    "logs": "firebase functions:log"
  },
  "engines": {
    "node": "22"
  },
  "main": "lib/index.js",
  "dependencies": {
    "firebase-admin": "^12.6.0",
    "firebase-functions": "^6.0.1",
    "nodemailer": "^7.0.6"
  },
  "devDependencies": {
    "@types/nodemailer": "^7.0.2",
    "@typescript-eslint/eslint-plugin": "^5.12.0",
    "@typescript-eslint/parser": "^5.12.0",
    "eslint": "^8.9.0",
    "eslint-config-google": "^0.14.0",
    "eslint-plugin-import": "^2.25.4",
    "firebase-functions-test": "^3.1.0",
    "typescript": "^4.9.0"
  },
  "private": true
}
[debug] [2025-10-01T20:52:01.659Z] Building nodejs source
[info] i  functions: Loading and analyzing source code for codebase default to determine what to deploy 
[debug] [2025-10-01T20:52:01.660Z] Could not find functions.yaml. Must use http discovery
[debug] [2025-10-01T20:52:01.666Z] Found firebase-functions binary at 'C:\Progetti\sky-xfactor-25\functions\node_modules\.bin\firebase-functions'
[info] Serving at port 8998

[debug] [2025-10-01T20:52:02.111Z] Got response from /__/functions.yaml {"endpoints":{"sendVideoEmail":{"availableMemoryMb":null,"timeoutSeconds":null,"minInstances":null,"maxInstances":null,"ingressSettings":null,"concurrency":null,"serviceAccountEmail":null,"vpc":null,"platform":"gcfv2","labels":{},"callableTrigger":{},"entryPoint":"sendVideoEmail"}},"specVersion":"v1alpha1","requiredAPIs":[],"extensions":{}}
[info] i  extensions: ensuring required API firebaseextensions.googleapis.com is enabled... 
[debug] [2025-10-01T20:52:06.139Z] Checked if tokens are valid: true, expires at: 1759353843269
[debug] [2025-10-01T20:52:06.139Z] Checked if tokens are valid: true, expires at: 1759353843269
[debug] [2025-10-01T20:52:06.139Z] >>> [apiv2][query] GET https://serviceusage.googleapis.com/v1/projects/sky-xfactor-2025/services/firebaseextensions.googleapis.com [none]
[debug] [2025-10-01T20:52:06.139Z] >>> [apiv2][(partial)header] GET https://serviceusage.googleapis.com/v1/projects/sky-xfactor-2025/services/firebaseextensions.googleapis.com x-goog-quota-user=projects/sky-xfactor-2025
[debug] [2025-10-01T20:52:07.384Z] <<< [apiv2][status] GET https://serviceusage.googleapis.com/v1/projects/sky-xfactor-2025/services/firebaseextensions.googleapis.com 200
[debug] [2025-10-01T20:52:07.384Z] <<< [apiv2][body] GET https://serviceusage.googleapis.com/v1/projects/sky-xfactor-2025/services/firebaseextensions.googleapis.com [omitted]
[info] +  extensions: required API firebaseextensions.googleapis.com is enabled 
[debug] [2025-10-01T20:52:07.385Z] > command requires scopes: ["email","openid","https://www.googleapis.com/auth/cloudplatformprojects.readonly","https://www.googleapis.com/auth/firebase","https://www.googleapis.com/auth/cloud-platform"]
[debug] [2025-10-01T20:52:07.385Z] > authorizing via signed-in user (marcodellarosa90@gmail.com)
[debug] [2025-10-01T20:52:07.385Z] [iam] checking project sky-xfactor-2025 for permissions ["firebase.projects.get","firebaseextensions.instances.list"]
[debug] [2025-10-01T20:52:07.385Z] Checked if tokens are valid: true, expires at: 1759353843269
[debug] [2025-10-01T20:52:07.385Z] Checked if tokens are valid: true, expires at: 1759353843269
[debug] [2025-10-01T20:52:07.385Z] >>> [apiv2][query] POST https://cloudresourcemanager.googleapis.com/v1/projects/sky-xfactor-2025:testIamPermissions [none]
[debug] [2025-10-01T20:52:07.385Z] >>> [apiv2][(partial)header] POST https://cloudresourcemanager.googleapis.com/v1/projects/sky-xfactor-2025:testIamPermissions x-goog-quota-user=projects/sky-xfactor-2025
[debug] [2025-10-01T20:52:07.385Z] >>> [apiv2][body] POST https://cloudresourcemanager.googleapis.com/v1/projects/sky-xfactor-2025:testIamPermissions {"permissions":["firebase.projects.get","firebaseextensions.instances.list"]}
[debug] [2025-10-01T20:52:08.117Z] <<< [apiv2][status] POST https://cloudresourcemanager.googleapis.com/v1/projects/sky-xfactor-2025:testIamPermissions 200
[debug] [2025-10-01T20:52:08.118Z] <<< [apiv2][body] POST https://cloudresourcemanager.googleapis.com/v1/projects/sky-xfactor-2025:testIamPermissions {"permissions":["firebase.projects.get","firebaseextensions.instances.list"]}
[debug] [2025-10-01T20:52:08.121Z] Checked if tokens are valid: true, expires at: 1759353843269
[debug] [2025-10-01T20:52:08.121Z] Checked if tokens are valid: true, expires at: 1759353843269
[debug] [2025-10-01T20:52:08.122Z] >>> [apiv2][query] GET https://firebaseextensions.googleapis.com/v1beta/projects/sky-xfactor-2025/instances pageSize=100&pageToken=
[debug] [2025-10-01T20:52:08.988Z] <<< [apiv2][status] GET https://firebaseextensions.googleapis.com/v1beta/projects/sky-xfactor-2025/instances 200
[debug] [2025-10-01T20:52:08.988Z] <<< [apiv2][body] GET https://firebaseextensions.googleapis.com/v1beta/projects/sky-xfactor-2025/instances {}
[info] i  functions: preparing functions directory for uploading... 
[info] i  functions: packaged C:\Progetti\sky-xfactor-25\functions (105.71 KB) for uploading 
[debug] [2025-10-01T20:52:09.046Z] Checked if tokens are valid: true, expires at: 1759353843269
[debug] [2025-10-01T20:52:09.046Z] Checked if tokens are valid: true, expires at: 1759353843269
[debug] [2025-10-01T20:52:09.046Z] >>> [apiv2][query] GET https://cloudfunctions.googleapis.com/v1/projects/sky-xfactor-2025/locations/-/functions [none]
[debug] [2025-10-01T20:52:09.636Z] <<< [apiv2][status] GET https://cloudfunctions.googleapis.com/v1/projects/sky-xfactor-2025/locations/-/functions 200
[debug] [2025-10-01T20:52:09.637Z] <<< [apiv2][body] GET https://cloudfunctions.googleapis.com/v1/projects/sky-xfactor-2025/locations/-/functions {}
[debug] [2025-10-01T20:52:09.638Z] Checked if tokens are valid: true, expires at: 1759353843269
[debug] [2025-10-01T20:52:09.638Z] Checked if tokens are valid: true, expires at: 1759353843269
[debug] [2025-10-01T20:52:09.638Z] >>> [apiv2][query] GET https://cloudfunctions.googleapis.com/v2/projects/sky-xfactor-2025/locations/-/functions filter=environment%3D%22GEN_2%22
[debug] [2025-10-01T20:52:10.637Z] <<< [apiv2][status] GET https://cloudfunctions.googleapis.com/v2/projects/sky-xfactor-2025/locations/-/functions 200
[debug] [2025-10-01T20:52:10.637Z] <<< [apiv2][body] GET https://cloudfunctions.googleapis.com/v2/projects/sky-xfactor-2025/locations/-/functions {"functions":[{"name":"projects/sky-xfactor-2025/locations/us-central1/functions/sendVideoEmail","buildConfig":{"build":"projects/759654510637/locations/us-central1/builds/49c3845d-7a70-409b-b769-da96f5d56128","runtime":"nodejs22","entryPoint":"sendVideoEmail","source":{"storageSource":{"bucket":"gcf-v2-sources-759654510637-us-central1","object":"sendVideoEmail/function-source.zip","generation":"1759351498420285"}},"environmentVariables":{"GOOGLE_NODE_RUN_SCRIPTS":""},"dockerRepository":"projects/sky-xfactor-2025/locations/us-central1/repositories/gcf-artifacts","sourceProvenance":{"resolvedStorageSource":{"bucket":"gcf-v2-sources-759654510637-us-central1","object":"sendVideoEmail/function-source.zip","generation":"1759351498420285"}},"dockerRegistry":"ARTIFACT_REGISTRY","serviceAccount":"projects/sky-xfactor-2025/serviceAccounts/759654510637-compute@developer.gserviceaccount.com","automaticUpdatePolicy":{}},"serviceConfig":{"service":"projects/sky-xfactor-2025/locations/us-central1/services/sendvideoemail","timeoutSeconds":60,"environmentVariables":{"FIREBASE_CONFIG":"{\"projectId\":\"sky-xfactor-2025\",\"storageBucket\":\"sky-xfactor-2025.firebasestorage.app\"}","GCLOUD_PROJECT":"sky-xfactor-2025","EVENTARC_CLOUD_EVENT_SOURCE":"projects/sky-xfactor-2025/locations/us-central1/services/sendVideoEmail","FUNCTION_TARGET":"sendVideoEmail","LOG_EXECUTION_ID":"true"},"maxInstanceCount":20,"ingressSettings":"ALLOW_ALL","uri":"https://sendvideoemail-te63dtzfgq-uc.a.run.app","serviceAccountEmail":"759654510637-compute@developer.gserviceaccount.com","availableMemory":"256Mi","allTrafficOnLatestRevision":true,"revision":"sendvideoemail-00006-xah","maxInstanceRequestConcurrency":80,"availableCpu":"1"},"state":"ACTIVE","updateTime":"2025-10-01T20:46:03.038249405Z","labels":{"deployment-tool":"cli-firebase","deployment-callable":"true","firebase-functions-hash":"db73640760d98ab27e7bba05a759d24af8269eab"},"environment":"GEN_2","url":"https://us-central1-sky-xfactor-2025.cloudfunctions.net/sendVideoEmail","createTime":"2025-10-01T12:41:36.878014269Z","satisfiesPzi":true}]}
[info] i  functions: ensuring required API run.googleapis.com is enabled... 
[debug] [2025-10-01T20:52:10.640Z] Checked if tokens are valid: true, expires at: 1759353843269
[debug] [2025-10-01T20:52:10.640Z] Checked if tokens are valid: true, expires at: 1759353843269
[info] i  functions: ensuring required API eventarc.googleapis.com is enabled... 
[debug] [2025-10-01T20:52:10.641Z] Checked if tokens are valid: true, expires at: 1759353843269
[debug] [2025-10-01T20:52:10.641Z] Checked if tokens are valid: true, expires at: 1759353843269
[info] i  functions: ensuring required API pubsub.googleapis.com is enabled... 
[debug] [2025-10-01T20:52:10.641Z] Checked if tokens are valid: true, expires at: 1759353843269
[debug] [2025-10-01T20:52:10.641Z] Checked if tokens are valid: true, expires at: 1759353843269
[info] i  functions: ensuring required API storage.googleapis.com is enabled... 
[debug] [2025-10-01T20:52:10.641Z] Checked if tokens are valid: true, expires at: 1759353843269
[debug] [2025-10-01T20:52:10.641Z] Checked if tokens are valid: true, expires at: 1759353843269
[debug] [2025-10-01T20:52:10.641Z] >>> [apiv2][query] GET https://serviceusage.googleapis.com/v1/projects/sky-xfactor-2025/services/run.googleapis.com [none]
[debug] [2025-10-01T20:52:10.641Z] >>> [apiv2][(partial)header] GET https://serviceusage.googleapis.com/v1/projects/sky-xfactor-2025/services/run.googleapis.com x-goog-quota-user=projects/sky-xfactor-2025
[debug] [2025-10-01T20:52:10.641Z] >>> [apiv2][query] GET https://serviceusage.googleapis.com/v1/projects/sky-xfactor-2025/services/eventarc.googleapis.com [none]
[debug] [2025-10-01T20:52:10.641Z] >>> [apiv2][(partial)header] GET https://serviceusage.googleapis.com/v1/projects/sky-xfactor-2025/services/eventarc.googleapis.com x-goog-quota-user=projects/sky-xfactor-2025
[debug] [2025-10-01T20:52:10.642Z] >>> [apiv2][query] GET https://serviceusage.googleapis.com/v1/projects/sky-xfactor-2025/services/pubsub.googleapis.com [none]
[debug] [2025-10-01T20:52:10.642Z] >>> [apiv2][(partial)header] GET https://serviceusage.googleapis.com/v1/projects/sky-xfactor-2025/services/pubsub.googleapis.com x-goog-quota-user=projects/sky-xfactor-2025
[debug] [2025-10-01T20:52:10.645Z] >>> [apiv2][query] GET https://serviceusage.googleapis.com/v1/projects/sky-xfactor-2025/services/storage.googleapis.com [none]
[debug] [2025-10-01T20:52:10.645Z] >>> [apiv2][(partial)header] GET https://serviceusage.googleapis.com/v1/projects/sky-xfactor-2025/services/storage.googleapis.com x-goog-quota-user=projects/sky-xfactor-2025
[debug] [2025-10-01T20:52:11.515Z] <<< [apiv2][status] GET https://serviceusage.googleapis.com/v1/projects/sky-xfactor-2025/services/run.googleapis.com 200
[debug] [2025-10-01T20:52:11.515Z] <<< [apiv2][body] GET https://serviceusage.googleapis.com/v1/projects/sky-xfactor-2025/services/run.googleapis.com [omitted]
[info] +  functions: required API run.googleapis.com is enabled 
[debug] [2025-10-01T20:52:11.549Z] <<< [apiv2][status] GET https://serviceusage.googleapis.com/v1/projects/sky-xfactor-2025/services/pubsub.googleapis.com 200
[debug] [2025-10-01T20:52:11.549Z] <<< [apiv2][body] GET https://serviceusage.googleapis.com/v1/projects/sky-xfactor-2025/services/pubsub.googleapis.com [omitted]
[info] +  functions: required API pubsub.googleapis.com is enabled 
[debug] [2025-10-01T20:52:11.554Z] <<< [apiv2][status] GET https://serviceusage.googleapis.com/v1/projects/sky-xfactor-2025/services/storage.googleapis.com 200
[debug] [2025-10-01T20:52:11.554Z] <<< [apiv2][body] GET https://serviceusage.googleapis.com/v1/projects/sky-xfactor-2025/services/storage.googleapis.com [omitted]
[info] +  functions: required API storage.googleapis.com is enabled 
[debug] [2025-10-01T20:52:11.567Z] <<< [apiv2][status] GET https://serviceusage.googleapis.com/v1/projects/sky-xfactor-2025/services/eventarc.googleapis.com 200
[debug] [2025-10-01T20:52:11.567Z] <<< [apiv2][body] GET https://serviceusage.googleapis.com/v1/projects/sky-xfactor-2025/services/eventarc.googleapis.com [omitted]
[info] +  functions: required API eventarc.googleapis.com is enabled 
[info] i  functions: generating the service identity for pubsub.googleapis.com... 
[debug] [2025-10-01T20:52:11.568Z] Checked if tokens are valid: true, expires at: 1759353843269
[debug] [2025-10-01T20:52:11.568Z] Checked if tokens are valid: true, expires at: 1759353843269
[info] i  functions: generating the service identity for eventarc.googleapis.com... 
[debug] [2025-10-01T20:52:11.568Z] Checked if tokens are valid: true, expires at: 1759353843269
[debug] [2025-10-01T20:52:11.568Z] Checked if tokens are valid: true, expires at: 1759353843269
[debug] [2025-10-01T20:52:11.568Z] >>> [apiv2][query] POST https://serviceusage.googleapis.com/v1beta1/projects/759654510637/services/pubsub.googleapis.com:generateServiceIdentity [none]
[debug] [2025-10-01T20:52:11.569Z] >>> [apiv2][query] POST https://serviceusage.googleapis.com/v1beta1/projects/759654510637/services/eventarc.googleapis.com:generateServiceIdentity [none]
[debug] [2025-10-01T20:52:11.940Z] <<< [apiv2][status] POST https://serviceusage.googleapis.com/v1beta1/projects/759654510637/services/eventarc.googleapis.com:generateServiceIdentity 200
[debug] [2025-10-01T20:52:11.940Z] <<< [apiv2][body] POST https://serviceusage.googleapis.com/v1beta1/projects/759654510637/services/eventarc.googleapis.com:generateServiceIdentity {"name":"operations/finished.DONE_OPERATION","done":true,"response":{"@type":"type.googleapis.com/google.api.serviceusage.v1beta1.ServiceIdentity","email":"service-759654510637@gcp-sa-eventarc.iam.gserviceaccount.com","uniqueId":"116375383206365336670"}}
[debug] [2025-10-01T20:52:11.974Z] <<< [apiv2][status] POST https://serviceusage.googleapis.com/v1beta1/projects/759654510637/services/pubsub.googleapis.com:generateServiceIdentity 200
[debug] [2025-10-01T20:52:11.974Z] <<< [apiv2][body] POST https://serviceusage.googleapis.com/v1beta1/projects/759654510637/services/pubsub.googleapis.com:generateServiceIdentity {"name":"operations/finished.DONE_OPERATION","done":true,"response":{"@type":"type.googleapis.com/google.api.serviceusage.v1beta1.ServiceIdentity","email":"service-759654510637@gcp-sa-pubsub.iam.gserviceaccount.com","uniqueId":"109885980291158488571"}}
[debug] [2025-10-01T20:52:11.975Z] Checked if tokens are valid: true, expires at: 1759353843269
[debug] [2025-10-01T20:52:11.975Z] Checked if tokens are valid: true, expires at: 1759353843269
[debug] [2025-10-01T20:52:11.975Z] >>> [apiv2][query] GET https://cloudresourcemanager.googleapis.com/v1/projects/sky-xfactor-2025 [none]
[debug] [2025-10-01T20:52:12.166Z] <<< [apiv2][status] GET https://cloudresourcemanager.googleapis.com/v1/projects/sky-xfactor-2025 200
[debug] [2025-10-01T20:52:12.166Z] <<< [apiv2][body] GET https://cloudresourcemanager.googleapis.com/v1/projects/sky-xfactor-2025 {"projectNumber":"759654510637","projectId":"sky-xfactor-2025","lifecycleState":"ACTIVE","name":"sky-xfactor-2025","labels":{"firebase":"enabled","firebase-core":"disabled"},"createTime":"2025-10-01T09:19:14.035253Z"}
[debug] [2025-10-01T20:52:12.168Z] Checked if tokens are valid: true, expires at: 1759353843269
[debug] [2025-10-01T20:52:12.168Z] Checked if tokens are valid: true, expires at: 1759353843269
[debug] [2025-10-01T20:52:12.168Z] >>> [apiv2][query] GET https://cloudbilling.googleapis.com/v1/projects/sky-xfactor-2025/billingInfo [none]
[debug] [2025-10-01T20:52:12.538Z] <<< [apiv2][status] GET https://cloudbilling.googleapis.com/v1/projects/sky-xfactor-2025/billingInfo 200
[debug] [2025-10-01T20:52:12.538Z] <<< [apiv2][body] GET https://cloudbilling.googleapis.com/v1/projects/sky-xfactor-2025/billingInfo {"name":"projects/sky-xfactor-2025/billingInfo","projectId":"sky-xfactor-2025","billingAccountName":"billingAccounts/016C0F-AF9620-B568B0","billingEnabled":true}
[debug] [2025-10-01T20:52:12.539Z] Checked if tokens are valid: true, expires at: 1759353843269
[debug] [2025-10-01T20:52:12.539Z] Checked if tokens are valid: true, expires at: 1759353843269
[debug] [2025-10-01T20:52:12.539Z] >>> [apiv2][query] POST https://cloudfunctions.googleapis.com/v2/projects/sky-xfactor-2025/locations/us-central1/functions:generateUploadUrl [none]
[debug] [2025-10-01T20:52:13.321Z] <<< [apiv2][status] POST https://cloudfunctions.googleapis.com/v2/projects/sky-xfactor-2025/locations/us-central1/functions:generateUploadUrl 200
[debug] [2025-10-01T20:52:13.321Z] <<< [apiv2][body] POST https://cloudfunctions.googleapis.com/v2/projects/sky-xfactor-2025/locations/us-central1/functions:generateUploadUrl {"uploadUrl":"https://storage.googleapis.com/gcf-v2-uploads-759654510637.us-central1.cloudfunctions.appspot.com/5071081a-8f2f-43cb-9af9-6a0fc4947b6d.zip?GoogleAccessId=service-759654510637@gcf-admin-robot.iam.gserviceaccount.com&Expires=1759353732&Signature=ThkYy5qCDnFjoHhAbbWj4NAE7pCg58mbpZGECxIeM1CnpluUQjTpy7aEjvO8x3wWelqwchsMY6BFaNDyiPE1Ew4r4%2FJYFBViMGg6IWRzFuQBioAbdHhWms9eqWx3zcsQyVSvydKh0wL7qFw4iew57g%2FkFER7Lx%2B5s6TFu%2Fde7%2BguImh43FjLOQDDhud4P0Dg3tPLqpFjei%2F4bKDY7jp4%2FGFtL5vZAUWNcD6zHBOEhvHqTFHHyTWNkkfb42Z8EPZhpgXpVJ2IjPoqj0JSWWSFRvVD1DL8OHIt2HKrIjYcX5MH8ZaOrDpM2j1K4kBYg4lqsTKbvP1w3X%2BDSOWbnq7xPQ%3D%3D","storageSource":{"bucket":"gcf-v2-uploads-759654510637.us-central1.cloudfunctions.appspot.com","object":"5071081a-8f2f-43cb-9af9-6a0fc4947b6d.zip"}}
[debug] [2025-10-01T20:52:13.322Z] >>> [apiv2][query] PUT https://storage.googleapis.com/gcf-v2-uploads-759654510637.us-central1.cloudfunctions.appspot.com/5071081a-8f2f-43cb-9af9-6a0fc4947b6d.zip GoogleAccessId=service-759654510637%40gcf-admin-robot.iam.gserviceaccount.com&Expires=1759353732&Signature=ThkYy5qCDnFjoHhAbbWj4NAE7pCg58mbpZGECxIeM1CnpluUQjTpy7aEjvO8x3wWelqwchsMY6BFaNDyiPE1Ew4r4%2FJYFBViMGg6IWRzFuQBioAbdHhWms9eqWx3zcsQyVSvydKh0wL7qFw4iew57g%2FkFER7Lx%2B5s6TFu%2Fde7%2BguImh43FjLOQDDhud4P0Dg3tPLqpFjei%2F4bKDY7jp4%2FGFtL5vZAUWNcD6zHBOEhvHqTFHHyTWNkkfb42Z8EPZhpgXpVJ2IjPoqj0JSWWSFRvVD1DL8OHIt2HKrIjYcX5MH8ZaOrDpM2j1K4kBYg4lqsTKbvP1w3X%2BDSOWbnq7xPQ%3D%3D
[debug] [2025-10-01T20:52:13.322Z] >>> [apiv2][body] PUT https://storage.googleapis.com/gcf-v2-uploads-759654510637.us-central1.cloudfunctions.appspot.com/5071081a-8f2f-43cb-9af9-6a0fc4947b6d.zip [stream]
[debug] [2025-10-01T20:52:13.948Z] <<< [apiv2][status] PUT https://storage.googleapis.com/gcf-v2-uploads-759654510637.us-central1.cloudfunctions.appspot.com/5071081a-8f2f-43cb-9af9-6a0fc4947b6d.zip 200
[debug] [2025-10-01T20:52:13.948Z] <<< [apiv2][body] PUT https://storage.googleapis.com/gcf-v2-uploads-759654510637.us-central1.cloudfunctions.appspot.com/5071081a-8f2f-43cb-9af9-6a0fc4947b6d.zip [omitted]
[info] +  functions: functions folder uploaded successfully 
[info] i  functions: updating Node.js 22 (2nd Gen) function sendVideoEmail(us-central1)... 
[debug] [2025-10-01T20:52:13.955Z] Checked if tokens are valid: true, expires at: 1759353843269
[debug] [2025-10-01T20:52:13.955Z] Checked if tokens are valid: true, expires at: 1759353843269
[debug] [2025-10-01T20:52:13.955Z] >>> [apiv2][query] PATCH https://cloudfunctions.googleapis.com/v2/projects/sky-xfactor-2025/locations/us-central1/functions/sendVideoEmail updateMask=name%2CbuildConfig.runtime%2CbuildConfig.entryPoint%2CbuildConfig.source.storageSource.bucket%2CbuildConfig.source.storageSource.object%2CbuildConfig.environmentVariables%2CbuildConfig.sourceToken%2CserviceConfig.environmentVariables%2CserviceConfig.ingressSettings%2CserviceConfig.timeoutSeconds%2CserviceConfig.serviceAccountEmail%2CserviceConfig.availableMemory%2CserviceConfig.minInstanceCount%2CserviceConfig.maxInstanceCount%2CserviceConfig.maxInstanceRequestConcurrency%2CserviceConfig.availableCpu%2CserviceConfig.vpcConnector%2CserviceConfig.vpcConnectorEgressSettings%2Clabels%2CbuildConfig.buildEnvironmentVariables
[debug] [2025-10-01T20:52:13.955Z] >>> [apiv2][body] PATCH https://cloudfunctions.googleapis.com/v2/projects/sky-xfactor-2025/locations/us-central1/functions/sendVideoEmail {"name":"projects/sky-xfactor-2025/locations/us-central1/functions/sendVideoEmail","buildConfig":{"runtime":"nodejs22","entryPoint":"sendVideoEmail","source":{"storageSource":{"bucket":"gcf-v2-uploads-759654510637.us-central1.cloudfunctions.appspot.com","object":"5071081a-8f2f-43cb-9af9-6a0fc4947b6d.zip"}},"environmentVariables":{"GOOGLE_NODE_RUN_SCRIPTS":""}},"serviceConfig":{"environmentVariables":{"FIREBASE_CONFIG":"{\"projectId\":\"sky-xfactor-2025\",\"storageBucket\":\"sky-xfactor-2025.firebasestorage.app\"}","GCLOUD_PROJECT":"sky-xfactor-2025","EVENTARC_CLOUD_EVENT_SOURCE":"projects/sky-xfactor-2025/locations/us-central1/services/sendVideoEmail","FUNCTION_TARGET":"sendVideoEmail","LOG_EXECUTION_ID":"true"},"ingressSettings":null,"timeoutSeconds":null,"serviceAccountEmail":null,"availableMemory":"256Mi","minInstanceCount":null,"maxInstanceCount":null,"maxInstanceRequestConcurrency":80,"availableCpu":"1","vpcConnector":null,"vpcConnectorEgressSettings":null},"labels":{"deployment-tool":"cli-firebase","deployment-callable":"true","firebase-functions-hash":"e348df465ec2a8c107f8556f78d4618d1690f395"}}
[debug] [2025-10-01T20:52:15.502Z] <<< [apiv2][status] PATCH https://cloudfunctions.googleapis.com/v2/projects/sky-xfactor-2025/locations/us-central1/functions/sendVideoEmail 200
[debug] [2025-10-01T20:52:15.502Z] <<< [apiv2][body] PATCH https://cloudfunctions.googleapis.com/v2/projects/sky-xfactor-2025/locations/us-central1/functions/sendVideoEmail {"name":"projects/sky-xfactor-2025/locations/us-central1/operations/operation-1759351933842-6401f0b0d333c-324d8f21-e6349017","metadata":{"@type":"type.googleapis.com/google.cloud.functions.v2.OperationMetadata","createTime":"2025-10-01T20:52:14.662690251Z","target":"projects/sky-xfactor-2025/locations/us-central1/functions/sendVideoEmail","verb":"update","cancelRequested":false,"apiVersion":"v2"},"done":false}
[debug] [2025-10-01T20:52:15.504Z] Checked if tokens are valid: true, expires at: 1759353843269
[debug] [2025-10-01T20:52:15.504Z] Checked if tokens are valid: true, expires at: 1759353843269
[debug] [2025-10-01T20:52:15.504Z] >>> [apiv2][query] GET https://cloudfunctions.googleapis.com/v2/projects/sky-xfactor-2025/locations/us-central1/operations/operation-1759351933842-6401f0b0d333c-324d8f21-e6349017 [none]
[debug] [2025-10-01T20:52:16.199Z] <<< [apiv2][status] GET https://cloudfunctions.googleapis.com/v2/projects/sky-xfactor-2025/locations/us-central1/operations/operation-1759351933842-6401f0b0d333c-324d8f21-e6349017 200
[debug] [2025-10-01T20:52:16.200Z] <<< [apiv2][body] GET https://cloudfunctions.googleapis.com/v2/projects/sky-xfactor-2025/locations/us-central1/operations/operation-1759351933842-6401f0b0d333c-324d8f21-e6349017 {"name":"projects/sky-xfactor-2025/locations/us-central1/operations/operation-1759351933842-6401f0b0d333c-324d8f21-e6349017","metadata":{"@type":"type.googleapis.com/google.cloud.functions.v2.OperationMetadata","createTime":"2025-10-01T20:52:14.662690251Z","target":"projects/sky-xfactor-2025/locations/us-central1/functions/sendVideoEmail","verb":"update","cancelRequested":false,"apiVersion":"v2","requestResource":{"@type":"type.googleapis.com/google.cloud.functions.v2.Function","name":"projects/sky-xfactor-2025/locations/us-central1/functions/sendVideoEmail","buildConfig":{"runtime":"nodejs22","entryPoint":"sendVideoEmail","source":{"storageSource":{"bucket":"gcf-v2-sources-759654510637-us-central1","object":"sendVideoEmail/function-source.zip","generation":"1759351934608970"}},"environmentVariables":{"GOOGLE_NODE_RUN_SCRIPTS":""},"dockerRepository":"projects/sky-xfactor-2025/locations/us-central1/repositories/gcf-artifacts","sourceProvenance":{"resolvedStorageSource":{"bucket":"gcf-v2-sources-759654510637-us-central1","object":"sendVideoEmail/function-source.zip","generation":"1759351498420285"}},"dockerRegistry":"ARTIFACT_REGISTRY","serviceAccount":"projects/sky-xfactor-2025/serviceAccounts/759654510637-compute@developer.gserviceaccount.com","automaticUpdatePolicy":{}},"serviceConfig":{"service":"projects/sky-xfactor-2025/locations/us-central1/services/sendvideoemail","timeoutSeconds":60,"environmentVariables":{"FIREBASE_CONFIG":"{\"projectId\":\"sky-xfactor-2025\",\"storageBucket\":\"sky-xfactor-2025.firebasestorage.app\"}","GCLOUD_PROJECT":"sky-xfactor-2025","EVENTARC_CLOUD_EVENT_SOURCE":"projects/sky-xfactor-2025/locations/us-central1/services/sendVideoEmail","FUNCTION_TARGET":"sendVideoEmail","LOG_EXECUTION_ID":"true"},"ingressSettings":"ALLOW_ALL","uri":"https://sendvideoemail-te63dtzfgq-uc.a.run.app","serviceAccountEmail":"759654510637-compute@developer.gserviceaccount.com","availableMemory":"256Mi","allTrafficOnLatestRevision":true,"revision":"sendvideoemail-00006-xah","maxInstanceRequestConcurrency":80,"availableCpu":"1"},"state":"ACTIVE","labels":{"deployment-tool":"cli-firebase","deployment-callable":"true","firebase-functions-hash":"e348df465ec2a8c107f8556f78d4618d1690f395"},"environment":"GEN_2","url":"https://us-central1-sky-xfactor-2025.cloudfunctions.net/sendVideoEmail","satisfiesPzi":true},"stages":[{"name":"BUILD","state":"NOT_STARTED"},{"name":"SERVICE","state":"NOT_STARTED"}],"operationType":"UPDATE_FUNCTION"},"done":false}
[debug] [2025-10-01T20:52:16.708Z] [update-default-us-central1-sendVideoEmail] Retrying task index 0
[debug] [2025-10-01T20:52:16.708Z] Checked if tokens are valid: true, expires at: 1759353843269
[debug] [2025-10-01T20:52:16.708Z] Checked if tokens are valid: true, expires at: 1759353843269
[debug] [2025-10-01T20:52:16.708Z] >>> [apiv2][query] GET https://cloudfunctions.googleapis.com/v2/projects/sky-xfactor-2025/locations/us-central1/operations/operation-1759351933842-6401f0b0d333c-324d8f21-e6349017 [none]
[debug] [2025-10-01T20:52:17.415Z] <<< [apiv2][status] GET https://cloudfunctions.googleapis.com/v2/projects/sky-xfactor-2025/locations/us-central1/operations/operation-1759351933842-6401f0b0d333c-324d8f21-e6349017 200
[debug] [2025-10-01T20:52:17.416Z] <<< [apiv2][body] GET https://cloudfunctions.googleapis.com/v2/projects/sky-xfactor-2025/locations/us-central1/operations/operation-1759351933842-6401f0b0d333c-324d8f21-e6349017 {"name":"projects/sky-xfactor-2025/locations/us-central1/operations/operation-1759351933842-6401f0b0d333c-324d8f21-e6349017","metadata":{"@type":"type.googleapis.com/google.cloud.functions.v2.OperationMetadata","createTime":"2025-10-01T20:52:14.662690251Z","target":"projects/sky-xfactor-2025/locations/us-central1/functions/sendVideoEmail","verb":"update","cancelRequested":false,"apiVersion":"v2","requestResource":{"@type":"type.googleapis.com/google.cloud.functions.v2.Function","name":"projects/sky-xfactor-2025/locations/us-central1/functions/sendVideoEmail","buildConfig":{"runtime":"nodejs22","entryPoint":"sendVideoEmail","source":{"storageSource":{"bucket":"gcf-v2-sources-759654510637-us-central1","object":"sendVideoEmail/function-source.zip","generation":"1759351934608970"}},"environmentVariables":{"GOOGLE_NODE_RUN_SCRIPTS":""},"dockerRepository":"projects/sky-xfactor-2025/locations/us-central1/repositories/gcf-artifacts","sourceProvenance":{"resolvedStorageSource":{"bucket":"gcf-v2-sources-759654510637-us-central1","object":"sendVideoEmail/function-source.zip","generation":"1759351498420285"}},"dockerRegistry":"ARTIFACT_REGISTRY","serviceAccount":"projects/sky-xfactor-2025/serviceAccounts/759654510637-compute@developer.gserviceaccount.com","automaticUpdatePolicy":{}},"serviceConfig":{"service":"projects/sky-xfactor-2025/locations/us-central1/services/sendvideoemail","timeoutSeconds":60,"environmentVariables":{"FIREBASE_CONFIG":"{\"projectId\":\"sky-xfactor-2025\",\"storageBucket\":\"sky-xfactor-2025.firebasestorage.app\"}","GCLOUD_PROJECT":"sky-xfactor-2025","EVENTARC_CLOUD_EVENT_SOURCE":"projects/sky-xfactor-2025/locations/us-central1/services/sendVideoEmail","FUNCTION_TARGET":"sendVideoEmail","LOG_EXECUTION_ID":"true"},"ingressSettings":"ALLOW_ALL","uri":"https://sendvideoemail-te63dtzfgq-uc.a.run.app","serviceAccountEmail":"759654510637-compute@developer.gserviceaccount.com","availableMemory":"256Mi","allTrafficOnLatestRevision":true,"revision":"sendvideoemail-00006-xah","maxInstanceRequestConcurrency":80,"availableCpu":"1"},"state":"ACTIVE","labels":{"deployment-tool":"cli-firebase","deployment-callable":"true","firebase-functions-hash":"e348df465ec2a8c107f8556f78d4618d1690f395"},"environment":"GEN_2","url":"https://us-central1-sky-xfactor-2025.cloudfunctions.net/sendVideoEmail","satisfiesPzi":true},"stages":[{"name":"BUILD","message":"Build in progress","state":"IN_PROGRESS","resource":"projects/759654510637/locations/us-central1/builds/46e2cbc3-e2d5-4fb0-86a1-6b684509cd28","resourceUri":"https://console.cloud.google.com/cloud-build/builds;region=us-central1/46e2cbc3-e2d5-4fb0-86a1-6b684509cd28?project=759654510637"},{"name":"SERVICE","state":"NOT_STARTED"}],"operationType":"UPDATE_FUNCTION","buildName":"projects/759654510637/locations/us-central1/builds/46e2cbc3-e2d5-4fb0-86a1-6b684509cd28"},"done":false}
[debug] [2025-10-01T20:52:18.417Z] [update-default-us-central1-sendVideoEmail] Retrying task index 0
[debug] [2025-10-01T20:52:18.418Z] Checked if tokens are valid: true, expires at: 1759353843269
[debug] [2025-10-01T20:52:18.418Z] Checked if tokens are valid: true, expires at: 1759353843269
[debug] [2025-10-01T20:52:18.418Z] >>> [apiv2][query] GET https://cloudfunctions.googleapis.com/v2/projects/sky-xfactor-2025/locations/us-central1/operations/operation-1759351933842-6401f0b0d333c-324d8f21-e6349017 [none]
[debug] [2025-10-01T20:52:19.123Z] <<< [apiv2][status] GET https://cloudfunctions.googleapis.com/v2/projects/sky-xfactor-2025/locations/us-central1/operations/operation-1759351933842-6401f0b0d333c-324d8f21-e6349017 200
[debug] [2025-10-01T20:52:19.123Z] <<< [apiv2][body] GET https://cloudfunctions.googleapis.com/v2/projects/sky-xfactor-2025/locations/us-central1/operations/operation-1759351933842-6401f0b0d333c-324d8f21-e6349017 {"name":"projects/sky-xfactor-2025/locations/us-central1/operations/operation-1759351933842-6401f0b0d333c-324d8f21-e6349017","metadata":{"@type":"type.googleapis.com/google.cloud.functions.v2.OperationMetadata","createTime":"2025-10-01T20:52:14.662690251Z","target":"projects/sky-xfactor-2025/locations/us-central1/functions/sendVideoEmail","verb":"update","cancelRequested":false,"apiVersion":"v2","requestResource":{"@type":"type.googleapis.com/google.cloud.functions.v2.Function","name":"projects/sky-xfactor-2025/locations/us-central1/functions/sendVideoEmail","buildConfig":{"runtime":"nodejs22","entryPoint":"sendVideoEmail","source":{"storageSource":{"bucket":"gcf-v2-sources-759654510637-us-central1","object":"sendVideoEmail/function-source.zip","generation":"1759351934608970"}},"environmentVariables":{"GOOGLE_NODE_RUN_SCRIPTS":""},"dockerRepository":"projects/sky-xfactor-2025/locations/us-central1/repositories/gcf-artifacts","sourceProvenance":{"resolvedStorageSource":{"bucket":"gcf-v2-sources-759654510637-us-central1","object":"sendVideoEmail/function-source.zip","generation":"1759351498420285"}},"dockerRegistry":"ARTIFACT_REGISTRY","serviceAccount":"projects/sky-xfactor-2025/serviceAccounts/759654510637-compute@developer.gserviceaccount.com","automaticUpdatePolicy":{}},"serviceConfig":{"service":"projects/sky-xfactor-2025/locations/us-central1/services/sendvideoemail","timeoutSeconds":60,"environmentVariables":{"FIREBASE_CONFIG":"{\"projectId\":\"sky-xfactor-2025\",\"storageBucket\":\"sky-xfactor-2025.firebasestorage.app\"}","GCLOUD_PROJECT":"sky-xfactor-2025","EVENTARC_CLOUD_EVENT_SOURCE":"projects/sky-xfactor-2025/locations/us-central1/services/sendVideoEmail","FUNCTION_TARGET":"sendVideoEmail","LOG_EXECUTION_ID":"true"},"ingressSettings":"ALLOW_ALL","uri":"https://sendvideoemail-te63dtzfgq-uc.a.run.app","serviceAccountEmail":"759654510637-compute@developer.gserviceaccount.com","availableMemory":"256Mi","allTrafficOnLatestRevision":true,"revision":"sendvideoemail-00006-xah","maxInstanceRequestConcurrency":80,"availableCpu":"1"},"state":"ACTIVE","labels":{"deployment-tool":"cli-firebase","deployment-callable":"true","firebase-functions-hash":"e348df465ec2a8c107f8556f78d4618d1690f395"},"environment":"GEN_2","url":"https://us-central1-sky-xfactor-2025.cloudfunctions.net/sendVideoEmail","satisfiesPzi":true},"stages":[{"name":"BUILD","message":"Build in progress","state":"IN_PROGRESS","resource":"projects/759654510637/locations/us-central1/builds/46e2cbc3-e2d5-4fb0-86a1-6b684509cd28","resourceUri":"https://console.cloud.google.com/cloud-build/builds;region=us-central1/46e2cbc3-e2d5-4fb0-86a1-6b684509cd28?project=759654510637"},{"name":"SERVICE","state":"NOT_STARTED"}],"operationType":"UPDATE_FUNCTION","buildName":"projects/759654510637/locations/us-central1/builds/46e2cbc3-e2d5-4fb0-86a1-6b684509cd28"},"done":false}
[debug] [2025-10-01T20:52:21.131Z] [update-default-us-central1-sendVideoEmail] Retrying task index 0
[debug] [2025-10-01T20:52:21.131Z] Checked if tokens are valid: true, expires at: 1759353843269
[debug] [2025-10-01T20:52:21.131Z] Checked if tokens are valid: true, expires at: 1759353843269
[debug] [2025-10-01T20:52:21.131Z] >>> [apiv2][query] GET https://cloudfunctions.googleapis.com/v2/projects/sky-xfactor-2025/locations/us-central1/operations/operation-1759351933842-6401f0b0d333c-324d8f21-e6349017 [none]
[debug] [2025-10-01T20:52:21.822Z] <<< [apiv2][status] GET https://cloudfunctions.googleapis.com/v2/projects/sky-xfactor-2025/locations/us-central1/operations/operation-1759351933842-6401f0b0d333c-324d8f21-e6349017 200
[debug] [2025-10-01T20:52:21.823Z] <<< [apiv2][body] GET https://cloudfunctions.googleapis.com/v2/projects/sky-xfactor-2025/locations/us-central1/operations/operation-1759351933842-6401f0b0d333c-324d8f21-e6349017 {"name":"projects/sky-xfactor-2025/locations/us-central1/operations/operation-1759351933842-6401f0b0d333c-324d8f21-e6349017","metadata":{"@type":"type.googleapis.com/google.cloud.functions.v2.OperationMetadata","createTime":"2025-10-01T20:52:14.662690251Z","target":"projects/sky-xfactor-2025/locations/us-central1/functions/sendVideoEmail","verb":"update","cancelRequested":false,"apiVersion":"v2","requestResource":{"@type":"type.googleapis.com/google.cloud.functions.v2.Function","name":"projects/sky-xfactor-2025/locations/us-central1/functions/sendVideoEmail","buildConfig":{"runtime":"nodejs22","entryPoint":"sendVideoEmail","source":{"storageSource":{"bucket":"gcf-v2-sources-759654510637-us-central1","object":"sendVideoEmail/function-source.zip","generation":"1759351934608970"}},"environmentVariables":{"GOOGLE_NODE_RUN_SCRIPTS":""},"dockerRepository":"projects/sky-xfactor-2025/locations/us-central1/repositories/gcf-artifacts","sourceProvenance":{"resolvedStorageSource":{"bucket":"gcf-v2-sources-759654510637-us-central1","object":"sendVideoEmail/function-source.zip","generation":"1759351498420285"}},"dockerRegistry":"ARTIFACT_REGISTRY","serviceAccount":"projects/sky-xfactor-2025/serviceAccounts/759654510637-compute@developer.gserviceaccount.com","automaticUpdatePolicy":{}},"serviceConfig":{"service":"projects/sky-xfactor-2025/locations/us-central1/services/sendvideoemail","timeoutSeconds":60,"environmentVariables":{"FIREBASE_CONFIG":"{\"projectId\":\"sky-xfactor-2025\",\"storageBucket\":\"sky-xfactor-2025.firebasestorage.app\"}","GCLOUD_PROJECT":"sky-xfactor-2025","EVENTARC_CLOUD_EVENT_SOURCE":"projects/sky-xfactor-2025/locations/us-central1/services/sendVideoEmail","FUNCTION_TARGET":"sendVideoEmail","LOG_EXECUTION_ID":"true"},"ingressSettings":"ALLOW_ALL","uri":"https://sendvideoemail-te63dtzfgq-uc.a.run.app","serviceAccountEmail":"759654510637-compute@developer.gserviceaccount.com","availableMemory":"256Mi","allTrafficOnLatestRevision":true,"revision":"sendvideoemail-00006-xah","maxInstanceRequestConcurrency":80,"availableCpu":"1"},"state":"ACTIVE","labels":{"deployment-tool":"cli-firebase","deployment-callable":"true","firebase-functions-hash":"e348df465ec2a8c107f8556f78d4618d1690f395"},"environment":"GEN_2","url":"https://us-central1-sky-xfactor-2025.cloudfunctions.net/sendVideoEmail","satisfiesPzi":true},"stages":[{"name":"BUILD","message":"Build in progress","state":"IN_PROGRESS","resource":"projects/759654510637/locations/us-central1/builds/46e2cbc3-e2d5-4fb0-86a1-6b684509cd28","resourceUri":"https://console.cloud.google.com/cloud-build/builds;region=us-central1/46e2cbc3-e2d5-4fb0-86a1-6b684509cd28?project=759654510637"},{"name":"SERVICE","state":"NOT_STARTED"}],"operationType":"UPDATE_FUNCTION","buildName":"projects/759654510637/locations/us-central1/builds/46e2cbc3-e2d5-4fb0-86a1-6b684509cd28"},"done":false}
[debug] [2025-10-01T20:52:25.828Z] [update-default-us-central1-sendVideoEmail] Retrying task index 0
[debug] [2025-10-01T20:52:25.828Z] Checked if tokens are valid: true, expires at: 1759353843269
[debug] [2025-10-01T20:52:25.828Z] Checked if tokens are valid: true, expires at: 1759353843269
[debug] [2025-10-01T20:52:25.829Z] >>> [apiv2][query] GET https://cloudfunctions.googleapis.com/v2/projects/sky-xfactor-2025/locations/us-central1/operations/operation-1759351933842-6401f0b0d333c-324d8f21-e6349017 [none]
[debug] [2025-10-01T20:52:26.509Z] <<< [apiv2][status] GET https://cloudfunctions.googleapis.com/v2/projects/sky-xfactor-2025/locations/us-central1/operations/operation-1759351933842-6401f0b0d333c-324d8f21-e6349017 200
[debug] [2025-10-01T20:52:26.509Z] <<< [apiv2][body] GET https://cloudfunctions.googleapis.com/v2/projects/sky-xfactor-2025/locations/us-central1/operations/operation-1759351933842-6401f0b0d333c-324d8f21-e6349017 {"name":"projects/sky-xfactor-2025/locations/us-central1/operations/operation-1759351933842-6401f0b0d333c-324d8f21-e6349017","metadata":{"@type":"type.googleapis.com/google.cloud.functions.v2.OperationMetadata","createTime":"2025-10-01T20:52:14.662690251Z","target":"projects/sky-xfactor-2025/locations/us-central1/functions/sendVideoEmail","verb":"update","cancelRequested":false,"apiVersion":"v2","requestResource":{"@type":"type.googleapis.com/google.cloud.functions.v2.Function","name":"projects/sky-xfactor-2025/locations/us-central1/functions/sendVideoEmail","buildConfig":{"runtime":"nodejs22","entryPoint":"sendVideoEmail","source":{"storageSource":{"bucket":"gcf-v2-sources-759654510637-us-central1","object":"sendVideoEmail/function-source.zip","generation":"1759351934608970"}},"environmentVariables":{"GOOGLE_NODE_RUN_SCRIPTS":""},"dockerRepository":"projects/sky-xfactor-2025/locations/us-central1/repositories/gcf-artifacts","sourceProvenance":{"resolvedStorageSource":{"bucket":"gcf-v2-sources-759654510637-us-central1","object":"sendVideoEmail/function-source.zip","generation":"1759351498420285"}},"dockerRegistry":"ARTIFACT_REGISTRY","serviceAccount":"projects/sky-xfactor-2025/serviceAccounts/759654510637-compute@developer.gserviceaccount.com","automaticUpdatePolicy":{}},"serviceConfig":{"service":"projects/sky-xfactor-2025/locations/us-central1/services/sendvideoemail","timeoutSeconds":60,"environmentVariables":{"FIREBASE_CONFIG":"{\"projectId\":\"sky-xfactor-2025\",\"storageBucket\":\"sky-xfactor-2025.firebasestorage.app\"}","GCLOUD_PROJECT":"sky-xfactor-2025","EVENTARC_CLOUD_EVENT_SOURCE":"projects/sky-xfactor-2025/locations/us-central1/services/sendVideoEmail","FUNCTION_TARGET":"sendVideoEmail","LOG_EXECUTION_ID":"true"},"ingressSettings":"ALLOW_ALL","uri":"https://sendvideoemail-te63dtzfgq-uc.a.run.app","serviceAccountEmail":"759654510637-compute@developer.gserviceaccount.com","availableMemory":"256Mi","allTrafficOnLatestRevision":true,"revision":"sendvideoemail-00006-xah","maxInstanceRequestConcurrency":80,"availableCpu":"1"},"state":"ACTIVE","labels":{"deployment-tool":"cli-firebase","deployment-callable":"true","firebase-functions-hash":"e348df465ec2a8c107f8556f78d4618d1690f395"},"environment":"GEN_2","url":"https://us-central1-sky-xfactor-2025.cloudfunctions.net/sendVideoEmail","satisfiesPzi":true},"stages":[{"name":"BUILD","message":"Build in progress","state":"IN_PROGRESS","resource":"projects/759654510637/locations/us-central1/builds/46e2cbc3-e2d5-4fb0-86a1-6b684509cd28","resourceUri":"https://console.cloud.google.com/cloud-build/builds;region=us-central1/46e2cbc3-e2d5-4fb0-86a1-6b684509cd28?project=759654510637"},{"name":"SERVICE","state":"NOT_STARTED"}],"operationType":"UPDATE_FUNCTION","buildName":"projects/759654510637/locations/us-central1/builds/46e2cbc3-e2d5-4fb0-86a1-6b684509cd28"},"done":false}
[debug] [2025-10-01T20:52:34.517Z] [update-default-us-central1-sendVideoEmail] Retrying task index 0
[debug] [2025-10-01T20:52:34.518Z] Checked if tokens are valid: true, expires at: 1759353843269
[debug] [2025-10-01T20:52:34.518Z] Checked if tokens are valid: true, expires at: 1759353843269
[debug] [2025-10-01T20:52:34.518Z] >>> [apiv2][query] GET https://cloudfunctions.googleapis.com/v2/projects/sky-xfactor-2025/locations/us-central1/operations/operation-1759351933842-6401f0b0d333c-324d8f21-e6349017 [none]
[debug] [2025-10-01T20:52:35.247Z] <<< [apiv2][status] GET https://cloudfunctions.googleapis.com/v2/projects/sky-xfactor-2025/locations/us-central1/operations/operation-1759351933842-6401f0b0d333c-324d8f21-e6349017 200
[debug] [2025-10-01T20:52:35.248Z] <<< [apiv2][body] GET https://cloudfunctions.googleapis.com/v2/projects/sky-xfactor-2025/locations/us-central1/operations/operation-1759351933842-6401f0b0d333c-324d8f21-e6349017 {"name":"projects/sky-xfactor-2025/locations/us-central1/operations/operation-1759351933842-6401f0b0d333c-324d8f21-e6349017","metadata":{"@type":"type.googleapis.com/google.cloud.functions.v2.OperationMetadata","createTime":"2025-10-01T20:52:14.662690251Z","target":"projects/sky-xfactor-2025/locations/us-central1/functions/sendVideoEmail","verb":"update","cancelRequested":false,"apiVersion":"v2","requestResource":{"@type":"type.googleapis.com/google.cloud.functions.v2.Function","name":"projects/sky-xfactor-2025/locations/us-central1/functions/sendVideoEmail","buildConfig":{"runtime":"nodejs22","entryPoint":"sendVideoEmail","source":{"storageSource":{"bucket":"gcf-v2-sources-759654510637-us-central1","object":"sendVideoEmail/function-source.zip","generation":"1759351934608970"}},"environmentVariables":{"GOOGLE_NODE_RUN_SCRIPTS":""},"dockerRepository":"projects/sky-xfactor-2025/locations/us-central1/repositories/gcf-artifacts","sourceProvenance":{"resolvedStorageSource":{"bucket":"gcf-v2-sources-759654510637-us-central1","object":"sendVideoEmail/function-source.zip","generation":"1759351498420285"}},"dockerRegistry":"ARTIFACT_REGISTRY","serviceAccount":"projects/sky-xfactor-2025/serviceAccounts/759654510637-compute@developer.gserviceaccount.com","automaticUpdatePolicy":{}},"serviceConfig":{"service":"projects/sky-xfactor-2025/locations/us-central1/services/sendvideoemail","timeoutSeconds":60,"environmentVariables":{"FIREBASE_CONFIG":"{\"projectId\":\"sky-xfactor-2025\",\"storageBucket\":\"sky-xfactor-2025.firebasestorage.app\"}","GCLOUD_PROJECT":"sky-xfactor-2025","EVENTARC_CLOUD_EVENT_SOURCE":"projects/sky-xfactor-2025/locations/us-central1/services/sendVideoEmail","FUNCTION_TARGET":"sendVideoEmail","LOG_EXECUTION_ID":"true"},"ingressSettings":"ALLOW_ALL","uri":"https://sendvideoemail-te63dtzfgq-uc.a.run.app","serviceAccountEmail":"759654510637-compute@developer.gserviceaccount.com","availableMemory":"256Mi","allTrafficOnLatestRevision":true,"revision":"sendvideoemail-00006-xah","maxInstanceRequestConcurrency":80,"availableCpu":"1"},"state":"ACTIVE","labels":{"deployment-tool":"cli-firebase","deployment-callable":"true","firebase-functions-hash":"e348df465ec2a8c107f8556f78d4618d1690f395"},"environment":"GEN_2","url":"https://us-central1-sky-xfactor-2025.cloudfunctions.net/sendVideoEmail","satisfiesPzi":true},"stages":[{"name":"BUILD","message":"Build in progress","state":"IN_PROGRESS","resource":"projects/759654510637/locations/us-central1/builds/46e2cbc3-e2d5-4fb0-86a1-6b684509cd28","resourceUri":"https://console.cloud.google.com/cloud-build/builds;region=us-central1/46e2cbc3-e2d5-4fb0-86a1-6b684509cd28?project=759654510637"},{"name":"SERVICE","state":"NOT_STARTED"}],"operationType":"UPDATE_FUNCTION","buildName":"projects/759654510637/locations/us-central1/builds/46e2cbc3-e2d5-4fb0-86a1-6b684509cd28"},"done":false}
[debug] [2025-10-01T20:52:45.254Z] [update-default-us-central1-sendVideoEmail] Retrying task index 0
[debug] [2025-10-01T20:52:45.255Z] Checked if tokens are valid: true, expires at: 1759353843269
[debug] [2025-10-01T20:52:45.255Z] Checked if tokens are valid: true, expires at: 1759353843269
[debug] [2025-10-01T20:52:45.256Z] >>> [apiv2][query] GET https://cloudfunctions.googleapis.com/v2/projects/sky-xfactor-2025/locations/us-central1/operations/operation-1759351933842-6401f0b0d333c-324d8f21-e6349017 [none]
[debug] [2025-10-01T20:52:45.969Z] <<< [apiv2][status] GET https://cloudfunctions.googleapis.com/v2/projects/sky-xfactor-2025/locations/us-central1/operations/operation-1759351933842-6401f0b0d333c-324d8f21-e6349017 200
[debug] [2025-10-01T20:52:45.970Z] <<< [apiv2][body] GET https://cloudfunctions.googleapis.com/v2/projects/sky-xfactor-2025/locations/us-central1/operations/operation-1759351933842-6401f0b0d333c-324d8f21-e6349017 {"name":"projects/sky-xfactor-2025/locations/us-central1/operations/operation-1759351933842-6401f0b0d333c-324d8f21-e6349017","metadata":{"@type":"type.googleapis.com/google.cloud.functions.v2.OperationMetadata","createTime":"2025-10-01T20:52:14.662690251Z","target":"projects/sky-xfactor-2025/locations/us-central1/functions/sendVideoEmail","verb":"update","cancelRequested":false,"apiVersion":"v2","requestResource":{"@type":"type.googleapis.com/google.cloud.functions.v2.Function","name":"projects/sky-xfactor-2025/locations/us-central1/functions/sendVideoEmail","buildConfig":{"runtime":"nodejs22","entryPoint":"sendVideoEmail","source":{"storageSource":{"bucket":"gcf-v2-sources-759654510637-us-central1","object":"sendVideoEmail/function-source.zip","generation":"1759351934608970"}},"environmentVariables":{"GOOGLE_NODE_RUN_SCRIPTS":""},"dockerRepository":"projects/sky-xfactor-2025/locations/us-central1/repositories/gcf-artifacts","sourceProvenance":{"resolvedStorageSource":{"bucket":"gcf-v2-sources-759654510637-us-central1","object":"sendVideoEmail/function-source.zip","generation":"1759351498420285"}},"dockerRegistry":"ARTIFACT_REGISTRY","serviceAccount":"projects/sky-xfactor-2025/serviceAccounts/759654510637-compute@developer.gserviceaccount.com","automaticUpdatePolicy":{}},"serviceConfig":{"service":"projects/sky-xfactor-2025/locations/us-central1/services/sendvideoemail","timeoutSeconds":60,"environmentVariables":{"FIREBASE_CONFIG":"{\"projectId\":\"sky-xfactor-2025\",\"storageBucket\":\"sky-xfactor-2025.firebasestorage.app\"}","GCLOUD_PROJECT":"sky-xfactor-2025","EVENTARC_CLOUD_EVENT_SOURCE":"projects/sky-xfactor-2025/locations/us-central1/services/sendVideoEmail","FUNCTION_TARGET":"sendVideoEmail","LOG_EXECUTION_ID":"true"},"ingressSettings":"ALLOW_ALL","uri":"https://sendvideoemail-te63dtzfgq-uc.a.run.app","serviceAccountEmail":"759654510637-compute@developer.gserviceaccount.com","availableMemory":"256Mi","allTrafficOnLatestRevision":true,"revision":"sendvideoemail-00006-xah","maxInstanceRequestConcurrency":80,"availableCpu":"1"},"state":"ACTIVE","labels":{"deployment-tool":"cli-firebase","deployment-callable":"true","firebase-functions-hash":"e348df465ec2a8c107f8556f78d4618d1690f395"},"environment":"GEN_2","url":"https://us-central1-sky-xfactor-2025.cloudfunctions.net/sendVideoEmail","satisfiesPzi":true},"stages":[{"name":"BUILD","message":"Build in progress","state":"IN_PROGRESS","resource":"projects/759654510637/locations/us-central1/builds/46e2cbc3-e2d5-4fb0-86a1-6b684509cd28","resourceUri":"https://console.cloud.google.com/cloud-build/builds;region=us-central1/46e2cbc3-e2d5-4fb0-86a1-6b684509cd28?project=759654510637"},{"name":"SERVICE","state":"NOT_STARTED"}],"operationType":"UPDATE_FUNCTION","buildName":"projects/759654510637/locations/us-central1/builds/46e2cbc3-e2d5-4fb0-86a1-6b684509cd28"},"done":false}
[debug] [2025-10-01T20:52:55.979Z] [update-default-us-central1-sendVideoEmail] Retrying task index 0
[debug] [2025-10-01T20:52:55.980Z] Checked if tokens are valid: true, expires at: 1759353843269
[debug] [2025-10-01T20:52:55.980Z] Checked if tokens are valid: true, expires at: 1759353843269
[debug] [2025-10-01T20:52:55.981Z] >>> [apiv2][query] GET https://cloudfunctions.googleapis.com/v2/projects/sky-xfactor-2025/locations/us-central1/operations/operation-1759351933842-6401f0b0d333c-324d8f21-e6349017 [none]
[debug] [2025-10-01T20:52:56.740Z] <<< [apiv2][status] GET https://cloudfunctions.googleapis.com/v2/projects/sky-xfactor-2025/locations/us-central1/operations/operation-1759351933842-6401f0b0d333c-324d8f21-e6349017 200
[debug] [2025-10-01T20:52:56.740Z] <<< [apiv2][body] GET https://cloudfunctions.googleapis.com/v2/projects/sky-xfactor-2025/locations/us-central1/operations/operation-1759351933842-6401f0b0d333c-324d8f21-e6349017 {"name":"projects/sky-xfactor-2025/locations/us-central1/operations/operation-1759351933842-6401f0b0d333c-324d8f21-e6349017","metadata":{"@type":"type.googleapis.com/google.cloud.functions.v2.OperationMetadata","createTime":"2025-10-01T20:52:14.662690251Z","target":"projects/sky-xfactor-2025/locations/us-central1/functions/sendVideoEmail","verb":"update","cancelRequested":false,"apiVersion":"v2","requestResource":{"@type":"type.googleapis.com/google.cloud.functions.v2.Function","name":"projects/sky-xfactor-2025/locations/us-central1/functions/sendVideoEmail","buildConfig":{"runtime":"nodejs22","entryPoint":"sendVideoEmail","source":{"storageSource":{"bucket":"gcf-v2-sources-759654510637-us-central1","object":"sendVideoEmail/function-source.zip","generation":"1759351934608970"}},"environmentVariables":{"GOOGLE_NODE_RUN_SCRIPTS":""},"dockerRepository":"projects/sky-xfactor-2025/locations/us-central1/repositories/gcf-artifacts","sourceProvenance":{"resolvedStorageSource":{"bucket":"gcf-v2-sources-759654510637-us-central1","object":"sendVideoEmail/function-source.zip","generation":"1759351498420285"}},"dockerRegistry":"ARTIFACT_REGISTRY","serviceAccount":"projects/sky-xfactor-2025/serviceAccounts/759654510637-compute@developer.gserviceaccount.com","automaticUpdatePolicy":{}},"serviceConfig":{"service":"projects/sky-xfactor-2025/locations/us-central1/services/sendvideoemail","timeoutSeconds":60,"environmentVariables":{"FIREBASE_CONFIG":"{\"projectId\":\"sky-xfactor-2025\",\"storageBucket\":\"sky-xfactor-2025.firebasestorage.app\"}","GCLOUD_PROJECT":"sky-xfactor-2025","EVENTARC_CLOUD_EVENT_SOURCE":"projects/sky-xfactor-2025/locations/us-central1/services/sendVideoEmail","FUNCTION_TARGET":"sendVideoEmail","LOG_EXECUTION_ID":"true"},"ingressSettings":"ALLOW_ALL","uri":"https://sendvideoemail-te63dtzfgq-uc.a.run.app","serviceAccountEmail":"759654510637-compute@developer.gserviceaccount.com","availableMemory":"256Mi","allTrafficOnLatestRevision":true,"revision":"sendvideoemail-00006-xah","maxInstanceRequestConcurrency":80,"availableCpu":"1"},"state":"ACTIVE","labels":{"deployment-tool":"cli-firebase","deployment-callable":"true","firebase-functions-hash":"e348df465ec2a8c107f8556f78d4618d1690f395"},"environment":"GEN_2","url":"https://us-central1-sky-xfactor-2025.cloudfunctions.net/sendVideoEmail","satisfiesPzi":true},"stages":[{"name":"BUILD","message":"Build in progress","state":"IN_PROGRESS","resource":"projects/759654510637/locations/us-central1/builds/46e2cbc3-e2d5-4fb0-86a1-6b684509cd28","resourceUri":"https://console.cloud.google.com/cloud-build/builds;region=us-central1/46e2cbc3-e2d5-4fb0-86a1-6b684509cd28?project=759654510637"},{"name":"SERVICE","state":"NOT_STARTED"}],"operationType":"UPDATE_FUNCTION","buildName":"projects/759654510637/locations/us-central1/builds/46e2cbc3-e2d5-4fb0-86a1-6b684509cd28"},"done":false}
[debug] [2025-10-01T20:53:06.746Z] [update-default-us-central1-sendVideoEmail] Retrying task index 0
[debug] [2025-10-01T20:53:06.747Z] Checked if tokens are valid: true, expires at: 1759353843269
[debug] [2025-10-01T20:53:06.747Z] Checked if tokens are valid: true, expires at: 1759353843269
[debug] [2025-10-01T20:53:06.748Z] >>> [apiv2][query] GET https://cloudfunctions.googleapis.com/v2/projects/sky-xfactor-2025/locations/us-central1/operations/operation-1759351933842-6401f0b0d333c-324d8f21-e6349017 [none]
[debug] [2025-10-01T20:53:07.494Z] <<< [apiv2][status] GET https://cloudfunctions.googleapis.com/v2/projects/sky-xfactor-2025/locations/us-central1/operations/operation-1759351933842-6401f0b0d333c-324d8f21-e6349017 200
[debug] [2025-10-01T20:53:07.494Z] <<< [apiv2][body] GET https://cloudfunctions.googleapis.com/v2/projects/sky-xfactor-2025/locations/us-central1/operations/operation-1759351933842-6401f0b0d333c-324d8f21-e6349017 {"name":"projects/sky-xfactor-2025/locations/us-central1/operations/operation-1759351933842-6401f0b0d333c-324d8f21-e6349017","metadata":{"@type":"type.googleapis.com/google.cloud.functions.v2.OperationMetadata","createTime":"2025-10-01T20:52:14.662690251Z","target":"projects/sky-xfactor-2025/locations/us-central1/functions/sendVideoEmail","verb":"update","cancelRequested":false,"apiVersion":"v2","requestResource":{"@type":"type.googleapis.com/google.cloud.functions.v2.Function","name":"projects/sky-xfactor-2025/locations/us-central1/functions/sendVideoEmail","buildConfig":{"runtime":"nodejs22","entryPoint":"sendVideoEmail","source":{"storageSource":{"bucket":"gcf-v2-sources-759654510637-us-central1","object":"sendVideoEmail/function-source.zip","generation":"1759351934608970"}},"environmentVariables":{"GOOGLE_NODE_RUN_SCRIPTS":""},"dockerRepository":"projects/sky-xfactor-2025/locations/us-central1/repositories/gcf-artifacts","sourceProvenance":{"resolvedStorageSource":{"bucket":"gcf-v2-sources-759654510637-us-central1","object":"sendVideoEmail/function-source.zip","generation":"1759351498420285"}},"dockerRegistry":"ARTIFACT_REGISTRY","serviceAccount":"projects/sky-xfactor-2025/serviceAccounts/759654510637-compute@developer.gserviceaccount.com","automaticUpdatePolicy":{}},"serviceConfig":{"service":"projects/sky-xfactor-2025/locations/us-central1/services/sendvideoemail","timeoutSeconds":60,"environmentVariables":{"FIREBASE_CONFIG":"{\"projectId\":\"sky-xfactor-2025\",\"storageBucket\":\"sky-xfactor-2025.firebasestorage.app\"}","GCLOUD_PROJECT":"sky-xfactor-2025","EVENTARC_CLOUD_EVENT_SOURCE":"projects/sky-xfactor-2025/locations/us-central1/services/sendVideoEmail","FUNCTION_TARGET":"sendVideoEmail","LOG_EXECUTION_ID":"true"},"ingressSettings":"ALLOW_ALL","uri":"https://sendvideoemail-te63dtzfgq-uc.a.run.app","serviceAccountEmail":"759654510637-compute@developer.gserviceaccount.com","availableMemory":"256Mi","allTrafficOnLatestRevision":true,"revision":"sendvideoemail-00006-xah","maxInstanceRequestConcurrency":80,"availableCpu":"1"},"state":"ACTIVE","labels":{"deployment-tool":"cli-firebase","deployment-callable":"true","firebase-functions-hash":"e348df465ec2a8c107f8556f78d4618d1690f395"},"environment":"GEN_2","url":"https://us-central1-sky-xfactor-2025.cloudfunctions.net/sendVideoEmail","satisfiesPzi":true},"stages":[{"name":"BUILD","message":"Build in progress","state":"IN_PROGRESS","resource":"projects/759654510637/locations/us-central1/builds/46e2cbc3-e2d5-4fb0-86a1-6b684509cd28","resourceUri":"https://console.cloud.google.com/cloud-build/builds;region=us-central1/46e2cbc3-e2d5-4fb0-86a1-6b684509cd28?project=759654510637"},{"name":"SERVICE","state":"NOT_STARTED"}],"operationType":"UPDATE_FUNCTION","buildName":"projects/759654510637/locations/us-central1/builds/46e2cbc3-e2d5-4fb0-86a1-6b684509cd28"},"done":false}
[debug] [2025-10-01T20:53:17.508Z] [update-default-us-central1-sendVideoEmail] Retrying task index 0
[debug] [2025-10-01T20:53:17.508Z] Checked if tokens are valid: true, expires at: 1759353843269
[debug] [2025-10-01T20:53:17.508Z] Checked if tokens are valid: true, expires at: 1759353843269
[debug] [2025-10-01T20:53:17.508Z] >>> [apiv2][query] GET https://cloudfunctions.googleapis.com/v2/projects/sky-xfactor-2025/locations/us-central1/operations/operation-1759351933842-6401f0b0d333c-324d8f21-e6349017 [none]
[debug] [2025-10-01T20:53:17.700Z] <<< [apiv2][status] GET https://cloudfunctions.googleapis.com/v2/projects/sky-xfactor-2025/locations/us-central1/operations/operation-1759351933842-6401f0b0d333c-324d8f21-e6349017 200
[debug] [2025-10-01T20:53:17.700Z] <<< [apiv2][body] GET https://cloudfunctions.googleapis.com/v2/projects/sky-xfactor-2025/locations/us-central1/operations/operation-1759351933842-6401f0b0d333c-324d8f21-e6349017 {"name":"projects/sky-xfactor-2025/locations/us-central1/operations/operation-1759351933842-6401f0b0d333c-324d8f21-e6349017","metadata":{"@type":"type.googleapis.com/google.cloud.functions.v2.OperationMetadata","createTime":"2025-10-01T20:52:14.662690251Z","target":"projects/sky-xfactor-2025/locations/us-central1/functions/sendVideoEmail","verb":"update","cancelRequested":false,"apiVersion":"v2","requestResource":{"@type":"type.googleapis.com/google.cloud.functions.v2.Function","name":"projects/sky-xfactor-2025/locations/us-central1/functions/sendVideoEmail","buildConfig":{"runtime":"nodejs22","entryPoint":"sendVideoEmail","source":{"storageSource":{"bucket":"gcf-v2-sources-759654510637-us-central1","object":"sendVideoEmail/function-source.zip","generation":"1759351934608970"}},"environmentVariables":{"GOOGLE_NODE_RUN_SCRIPTS":""},"dockerRepository":"projects/sky-xfactor-2025/locations/us-central1/repositories/gcf-artifacts","sourceProvenance":{"resolvedStorageSource":{"bucket":"gcf-v2-sources-759654510637-us-central1","object":"sendVideoEmail/function-source.zip","generation":"1759351498420285"}},"dockerRegistry":"ARTIFACT_REGISTRY","serviceAccount":"projects/sky-xfactor-2025/serviceAccounts/759654510637-compute@developer.gserviceaccount.com","automaticUpdatePolicy":{}},"serviceConfig":{"service":"projects/sky-xfactor-2025/locations/us-central1/services/sendvideoemail","timeoutSeconds":60,"environmentVariables":{"FIREBASE_CONFIG":"{\"projectId\":\"sky-xfactor-2025\",\"storageBucket\":\"sky-xfactor-2025.firebasestorage.app\"}","GCLOUD_PROJECT":"sky-xfactor-2025","EVENTARC_CLOUD_EVENT_SOURCE":"projects/sky-xfactor-2025/locations/us-central1/services/sendVideoEmail","FUNCTION_TARGET":"sendVideoEmail","LOG_EXECUTION_ID":"true"},"ingressSettings":"ALLOW_ALL","uri":"https://sendvideoemail-te63dtzfgq-uc.a.run.app","serviceAccountEmail":"759654510637-compute@developer.gserviceaccount.com","availableMemory":"256Mi","allTrafficOnLatestRevision":true,"revision":"sendvideoemail-00006-xah","maxInstanceRequestConcurrency":80,"availableCpu":"1"},"state":"ACTIVE","labels":{"deployment-tool":"cli-firebase","deployment-callable":"true","firebase-functions-hash":"e348df465ec2a8c107f8556f78d4618d1690f395"},"environment":"GEN_2","url":"https://us-central1-sky-xfactor-2025.cloudfunctions.net/sendVideoEmail","satisfiesPzi":true},"stages":[{"name":"BUILD","message":"Build finished","state":"COMPLETE","resource":"projects/759654510637/locations/us-central1/builds/46e2cbc3-e2d5-4fb0-86a1-6b684509cd28","resourceUri":"https://console.cloud.google.com/cloud-build/builds;region=us-central1/46e2cbc3-e2d5-4fb0-86a1-6b684509cd28?project=759654510637"},{"name":"SERVICE","message":"Updating Cloud Run service","state":"IN_PROGRESS","resource":"projects/sky-xfactor-2025/locations/us-central1/services/sendvideoemail","resourceUri":"https://console.cloud.google.com/run/detail/us-central1/sendvideoemail?project=sky-xfactor-2025","stateMessages":[{"severity":"INFO","type":"CloudRunServiceNewRevisionTrafficInfo","message":"A new revision will be deployed serving with 100% traffic."}]}],"sourceToken":"Cldwcm9qZWN0cy83NTk2NTQ1MTA2MzcvbG9jYXRpb25zL3VzLWNlbnRyYWwxL2J1aWxkcy80NmUyY2JjMy1lMmQ1LTRmYjAtODZhMS02YjY4NDUwOWNkMjgSdnVzLWNlbnRyYWwxLWRvY2tlci5wa2cuZGV2L3NreS14ZmFjdG9yLTIwMjUvZ2NmLWFydGlmYWN0cy9za3ktLXhmYWN0b3ItLTIwMjVfX3VzLS1jZW50cmFsMV9fc2VuZF92aWRlb19lbWFpbDp2ZXJzaW9uXzEYreC/940WIkhwcm9qZWN0cy9za3kteGZhY3Rvci0yMDI1L2xvY2F0aW9ucy91cy1jZW50cmFsMS9mdW5jdGlvbnMvc2VuZFZpZGVvRW1haWwqDAizqfbGBhDIpuq0ATIIbm9kZWpzMjI6dgojZ2NyLmlvL2dhZS1ydW50aW1lcy9ub2RlanMyMjpzdGFibGUST3VzLWNlbnRyYWwxLWRvY2tlci5wa2cuZGV2L3NlcnZlcmxlc3MtcnVudGltZXMvZ29vZ2xlLTIyLWZ1bGwvcnVudGltZXMvbm9kZWpzMjJAAQ==","operationType":"UPDATE_FUNCTION","buildName":"projects/759654510637/locations/us-central1/builds/46e2cbc3-e2d5-4fb0-86a1-6b684509cd28"},"done":false}
[debug] [2025-10-01T20:53:17.701Z] Got source token Cldwcm9qZWN0cy83NTk2NTQ1MTA2MzcvbG9jYXRpb25zL3VzLWNlbnRyYWwxL2J1aWxkcy80NmUyY2JjMy1lMmQ1LTRmYjAtODZhMS02YjY4NDUwOWNkMjgSdnVzLWNlbnRyYWwxLWRvY2tlci5wa2cuZGV2L3NreS14ZmFjdG9yLTIwMjUvZ2NmLWFydGlmYWN0cy9za3ktLXhmYWN0b3ItLTIwMjVfX3VzLS1jZW50cmFsMV9fc2VuZF92aWRlb19lbWFpbDp2ZXJzaW9uXzEYreC/940WIkhwcm9qZWN0cy9za3kteGZhY3Rvci0yMDI1L2xvY2F0aW9ucy91cy1jZW50cmFsMS9mdW5jdGlvbnMvc2VuZFZpZGVvRW1haWwqDAizqfbGBhDIpuq0ATIIbm9kZWpzMjI6dgojZ2NyLmlvL2dhZS1ydW50aW1lcy9ub2RlanMyMjpzdGFibGUST3VzLWNlbnRyYWwxLWRvY2tlci5wa2cuZGV2L3NlcnZlcmxlc3MtcnVudGltZXMvZ29vZ2xlLTIyLWZ1bGwvcnVudGltZXMvbm9kZWpzMjJAAQ== for region us-central1
